<?xml version="1.0" encoding="UTF-8"?>
<!-- Generated by org.testng.reporters.JUnitReportReporter -->
<testsuite skipped="0" hostname="Narayan-PC" name="com.employeeapi.testcases.TC004_Put_Employee_Record" tests="1" failures="0" timestamp="06 Aug 2019 00:55:53 GMT" time="0.011" errors="0">
  <testcase name="checkResponseBody" time="0.011" classname="com.employeeapi.testcases.TC004_Put_Employee_Record"/>
</testsuite> <!-- com.employeeapi.testcases.TC004_Put_Employee_Record -->
