<?xml version="1.0" encoding="UTF-8"?>
<!-- Generated by org.testng.reporters.JUnitReportReporter -->
<testsuite skipped="0" hostname="Narayan-PC" name="com.employeeapi.testcases.TC005_Delete_Employee_Record" tests="1" failures="0" timestamp="06 Aug 2019 00:55:53 GMT" time="0.026" errors="0">
  <testcase name="CheckResponseBody" time="0.026" classname="com.employeeapi.testcases.TC005_Delete_Employee_Record"/>
</testsuite> <!-- com.employeeapi.testcases.TC005_Delete_Employee_Record -->
