<?xml version="1.0" encoding="UTF-8"?>
<!-- Generated by org.testng.reporters.JUnitReportReporter -->
<testsuite skipped="0" hostname="Narayan-PC" name="com.employeeapi.testcases.TC0043_Put_Employee_Record" tests="1" failures="0" timestamp="05 Aug 2019 02:07:38 GMT" time="0.014" errors="0">
  <testcase name="checkResponseBody" time="0.014" classname="com.employeeapi.testcases.TC0043_Put_Employee_Record"/>
</testsuite> <!-- com.employeeapi.testcases.TC0043_Put_Employee_Record -->
